Tests conversion of polygons with multiple shells to ... ok - (+4.5 MB)
test_PolygonLocator (pysal.cg.tests.test_locators.PolygonLocator_Tester) ... ok - (+0.0 bytes)
test_inside (pysal.cg.tests.test_locators.PolygonLocator_Tester) ... ok - (+0.0 bytes)
test_overlapping (pysal.cg.tests.test_locators.PolygonLocator_Tester) ... ok - (+0.0 bytes)
test_PolygonLocator (pysal.cg.tests.test_locators.PolygonLocator_Tester) ... ok - (+0.0 bytes)
test_inside (pysal.cg.tests.test_locators.PolygonLocator_Tester) ... ok - (+0.0 bytes)
test_overlapping (pysal.cg.tests.test_locators.PolygonLocator_Tester) ... ok - (+0.0 bytes)
test_rtree (pysal.cg.tests.test_rtree.Pyrtree_Tester) ... ok - (+0.0 bytes)
test_rtree (pysal.cg.tests.test_rtree.Pyrtree_Tester) ... ok - (+0.0 bytes)
test_nearest_1 (pysal.cg.tests.test_segmentLocator.SegmentGrid_Tester) ... ok - (+0.0 bytes)
test_nearest_2 (pysal.cg.tests.test_segmentLocator.SegmentGrid_Tester) ... /home/ljw/dev/pysal/pysal/cg/segmentLocator.py:117: FutureWarning: comparison to `None` will result in an elementwise object comparison in the future.
  if self._hashKeys == None:
ok - (+48.0 kB)
test_nearest_1 (pysal.cg.tests.test_segmentLocator.SegmentGrid_Tester) ... ok - (+0.0 bytes)
test_nearest_2 (pysal.cg.tests.test_segmentLocator.SegmentGrid_Tester) ... ok - (+0.0 bytes)
Generic testing that no exception is thrown. ... ok - (+0.0 bytes)
Test correctness with multiple parts. ... ok - (+0.0 bytes)
Test correctness with multiple parts and zero-length point-to-point distances. ... ok - (+0.0 bytes)
Generic testing of parts functionality. ... ok - (+0.0 bytes)
Testing for repeated vertices and multiple parts. ... ok - (+0.0 bytes)
Tests a variety of generic cases. ... ok - (+0.0 bytes)
Tests a variety of generic and special cases (+-infinity). ... ok - (+0.0 bytes)
Tests a variety of generic and special cases (+-infinity). ... ok - (+0.0 bytes)
Tests corner cases. ... ok - (+0.0 bytes)
Tests corner cases. ... ok - (+0.0 bytes)
Test corner cases for horizontal segment starting at origin. ... ok - (+0.0 bytes)
Test corner cases for vertical segment ending at origin. ... ok - (+0.0 bytes)
Test corner cases for non-axis-aligned segment not through origin. ... ok - (+0.0 bytes)
Test corner cases for horizontal segment starting at origin. ... ok - (+0.0 bytes)
Test corner cases for vertical segment ending at origin. ... ok - (+0.0 bytes)
Test corner cases for non-axis-aligned segment not through origin. ... ok - (+0.0 bytes)
Tests corner cases. ... ok - (+0.0 bytes)
Tests corner cases. ... ok - (+0.0 bytes)
Tests whether points are created without issue. ... ok - (+0.0 bytes)
Tests whether the string produced is valid for corner cases. ... ok - (+0.0 bytes)
Test various input configurations (list vs. lists of lists, holes) ... ok - (+0.0 bytes)
Test multiple parts. ... ok - (+0.0 bytes)
Test holes. ... ok - (+0.0 bytes)
Test polygons with vertices in both orders (cw, ccw). ... ok - (+0.0 bytes)
Test polygons with multiple parts. ... ok - (+0.0 bytes)
Test polygons with multiple parts of the same size. ... ok - (+0.0 bytes)
Test polygons with multiple parts of different size. ... ok - (+0.0 bytes)
test_contains_point (pysal.cg.tests.test_shapes.test_Polygon) ... ok - (+0.0 bytes)
Test for correct vertex values/order. ... ok - (+0.0 bytes)
Test for multiple holes. ... ok - (+0.0 bytes)
Test for correct vertex values/order. ... ok - (+0.0 bytes)
Test with multiple parts. ... ok - (+0.0 bytes)
Test with holes. ... ok - (+0.0 bytes)
Test for correct values/order of vertices. ... ok - (+0.0 bytes)
Test for multiple parts. ... ok - (+0.0 bytes)
Tests generic cases. ... ok - (+0.0 bytes)
Test exceptions are thrown correctly. ... ok - (+0.0 bytes)
Test rectangles with zero width/height ... ok - (+0.0 bytes)
Test rectangles with zero height. ... ok - (+0.0 bytes)
Test with rectangles of zero width or height. ... ok - (+0.0 bytes)
Test repeated scaling. ... ok - (+0.0 bytes)
Test scaling of rectangles with zero width/height.. ... ok - (+0.0 bytes)
Test rectangles with zero width. ... ok - (+0.0 bytes)
test_bbcommon (pysal.cg.tests.test_standalone.TestBbcommon) ... ok - (+0.0 bytes)
test_bbcommon_floats (pysal.cg.tests.test_standalone.TestBbcommon) ... ok - (+0.0 bytes)
test_bbcommon_nested (pysal.cg.tests.test_standalone.TestBbcommon) ... ok - (+0.0 bytes)
test_bbcommon_same (pysal.cg.tests.test_standalone.TestBbcommon) ... ok - (+0.0 bytes)
test_bbcommon_shared_corner (pysal.cg.tests.test_standalone.TestBbcommon) ... ok - (+0.0 bytes)
test_bbcommon_shared_edge (pysal.cg.tests.test_standalone.TestBbcommon) ... ok - (+0.0 bytes)
test_bbcommon_top (pysal.cg.tests.test_standalone.TestBbcommon) ... ok - (+0.0 bytes)
test_convex_hull (pysal.cg.tests.test_standalone.TestConvexHull) ... ok - (+0.0 bytes)
test_distance_matrix (pysal.cg.tests.test_standalone.TestDistanceMatrix) ... ok - (+0.0 bytes)
test_get_angle_between (pysal.cg.tests.test_standalone.TestGetAngleBetween) ... ok - (+0.0 bytes)
test_get_angle_between_expect45 (pysal.cg.tests.test_standalone.TestGetAngleBetween) ... ok - (+0.0 bytes)
test_get_angle_between_expect90 (pysal.cg.tests.test_standalone.TestGetAngleBetween) ... ok - (+0.0 bytes)
test_get_bounding_box (pysal.cg.tests.test_standalone.TestGetBoundingBox) ... ok - (+0.0 bytes)
test_get_point_at_angle_and_dist (pysal.cg.tests.test_standalone.TestGetPointAtAngleAndDist) ... ok - (+0.0 bytes)
test_get_point_at_angle_and_dist_diag (pysal.cg.tests.test_standalone.TestGetPointAtAngleAndDist) ... ok - (+0.0 bytes)
test_get_point_at_angle_and_dist_diag_45 (pysal.cg.tests.test_standalone.TestGetPointAtAngleAndDist) ... ok - (+0.0 bytes)
test_get_point_at_angle_and_dist_diag_90 (pysal.cg.tests.test_standalone.TestGetPointAtAngleAndDist) ... ok - (+0.0 bytes)
test_get_points_dist (pysal.cg.tests.test_standalone.TestGetPointsDist) ... ok - (+0.0 bytes)
test_get_points_dist_alongX (pysal.cg.tests.test_standalone.TestGetPointsDist) ... ok - (+0.0 bytes)
test_get_points_dist_alongY (pysal.cg.tests.test_standalone.TestGetPointsDist) ... ok - (+0.0 bytes)
test_get_points_dist_diag (pysal.cg.tests.test_standalone.TestGetPointsDist) ... ok - (+0.0 bytes)
test_get_polygon_point_dist (pysal.cg.tests.test_standalone.TestGetPolygonPointDist) ... ok - (+0.0 bytes)
test_get_polygon_point_dist_inside (pysal.cg.tests.test_standalone.TestGetPolygonPointDist) ... ok - (+0.0 bytes)
test_get_polygon_point_dist_on_edge (pysal.cg.tests.test_standalone.TestGetPolygonPointDist) ... ok - (+0.0 bytes)
test_get_polygon_point_dist_on_vertex (pysal.cg.tests.test_standalone.TestGetPolygonPointDist) ... ok - (+0.0 bytes)
test_get_polygon_point_intersect (pysal.cg.tests.test_standalone.TestGetPolygonPointIntersect) ... ok - (+0.0 bytes)
test_get_polygon_point_intersect_on_edge (pysal.cg.tests.test_standalone.TestGetPolygonPointIntersect) ... ok - (+0.0 bytes)
test_get_polygon_point_intersect_on_vertex (pysal.cg.tests.test_standalone.TestGetPolygonPointIntersect) ... ok - (+0.0 bytes)
test_get_polygon_point_intersect_outside (pysal.cg.tests.test_standalone.TestGetPolygonPointIntersect) ... ok - (+0.0 bytes)
test_get_ray_segment_intersect (pysal.cg.tests.test_standalone.TestGetRaySegmentIntersect) ... ok - (+0.0 bytes)
test_get_ray_segment_intersect_edge (pysal.cg.tests.test_standalone.TestGetRaySegmentIntersect) ... ok - (+0.0 bytes)
test_get_ray_segment_intersect_no_intersect (pysal.cg.tests.test_standalone.TestGetRaySegmentIntersect) ... ok - (+0.0 bytes)
test_get_ray_segment_intersect_orgin (pysal.cg.tests.test_standalone.TestGetRaySegmentIntersect) ... ok - (+0.0 bytes)
test_get_ray_segment_intersect_segment (pysal.cg.tests.test_standalone.TestGetRaySegmentIntersect) ... ok - (+0.0 bytes)
test_get_rectangle_point_intersect (pysal.cg.tests.test_standalone.TestGetRectanglePointIntersect) ... ok - (+0.0 bytes)
test_get_rectangle_point_intersect_on_edge (pysal.cg.tests.test_standalone.TestGetRectanglePointIntersect) ... ok - (+0.0 bytes)
test_get_rectangle_point_intersect_on_vertex (pysal.cg.tests.test_standalone.TestGetRectanglePointIntersect) ... ok - (+0.0 bytes)
test_get_rectangle_point_intersect_outside (pysal.cg.tests.test_standalone.TestGetRectanglePointIntersect) ... ok - (+0.0 bytes)
test_get_rectangle_rectangle_intersection_leftright (pysal.cg.tests.test_standalone.TestGetRectangleRectangleIntersection) ... ok - (+0.0 bytes)
test_get_rectangle_rectangle_intersection_nested (pysal.cg.tests.test_standalone.TestGetRectangleRectangleIntersection) ... ok - (+0.0 bytes)
test_get_rectangle_rectangle_intersection_no_intersect (pysal.cg.tests.test_standalone.TestGetRectangleRectangleIntersection) ... ok - (+0.0 bytes)
test_get_rectangle_rectangle_intersection_shared_corner (pysal.cg.tests.test_standalone.TestGetRectangleRectangleIntersection) ... ok - (+0.0 bytes)
test_get_rectangle_rectangle_intersection_shared_edge (pysal.cg.tests.test_standalone.TestGetRectangleRectangleIntersection) ... ok - (+0.0 bytes)
test_get_rectangle_rectangle_intersection_shifted_edge (pysal.cg.tests.test_standalone.TestGetRectangleRectangleIntersection) ... ok - (+0.0 bytes)
test_get_rectangle_rectangle_intersection_topbottom (pysal.cg.tests.test_standalone.TestGetRectangleRectangleIntersection) ... ok - (+0.0 bytes)
test_get_segment_point_diag (pysal.cg.tests.test_standalone.TestGetSegmentPointDist) ... ok - (+0.0 bytes)
test_get_segment_point_diag_with_dist (pysal.cg.tests.test_standalone.TestGetSegmentPointDist) ... ok - (+0.0 bytes)
test_get_segment_point_dist (pysal.cg.tests.test_standalone.TestGetSegmentPointDist) ... ok - (+0.0 bytes)
test_get_segment_point_dist_on_endPoint (pysal.cg.tests.test_standalone.TestGetSegmentPointDist) ... ok - (+0.0 bytes)
test_get_segment_point_dist_on_middle (pysal.cg.tests.test_standalone.TestGetSegmentPointDist) ... ok - (+0.0 bytes)
test_get_segment_point_intersect (pysal.cg.tests.test_standalone.TestGetSegmentPointIntersect) ... ok - (+0.0 bytes)
test_get_segment_point_intersect_angle (pysal.cg.tests.test_standalone.TestGetSegmentPointIntersect) ... ok - (+0.0 bytes)
test_get_segment_point_intersect_floats (pysal.cg.tests.test_standalone.TestGetSegmentPointIntersect) ... ok - (+0.0 bytes)
test_get_segment_point_intersect_floats_no_intersect (pysal.cg.tests.test_standalone.TestGetSegmentPointIntersect) ... ok - (+0.0 bytes)
test_get_segment_point_intersect_left_end (pysal.cg.tests.test_standalone.TestGetSegmentPointIntersect) ... ok - (+0.0 bytes)
test_get_segment_point_intersect_no_intersect (pysal.cg.tests.test_standalone.TestGetSegmentPointIntersect) ... ok - (+0.0 bytes)
test_get_segment_point_intersect_no_intersect_collinear (pysal.cg.tests.test_standalone.TestGetSegmentPointIntersect) ... ok - (+0.0 bytes)
test_get_segment_point_intersect_right_end (pysal.cg.tests.test_standalone.TestGetSegmentPointIntersect) ... ok - (+0.0 bytes)
test_get_segments_intersect (pysal.cg.tests.test_standalone.TestGetSegmentsIntersect) ... ok - (+0.0 bytes)
test_get_segments_intersect_angles (pysal.cg.tests.test_standalone.TestGetSegmentsIntersect) ... ok - (+0.0 bytes)
test_get_segments_intersect_floats (pysal.cg.tests.test_standalone.TestGetSegmentsIntersect) ... ok - (+0.0 bytes)
test_get_segments_intersect_nested (pysal.cg.tests.test_standalone.TestGetSegmentsIntersect) ... ok - (+0.0 bytes)
test_get_segments_intersect_no_intersect (pysal.cg.tests.test_standalone.TestGetSegmentsIntersect) ... ok - (+0.0 bytes)
test_get_segments_intersect_overlap (pysal.cg.tests.test_standalone.TestGetSegmentsIntersect) ... ok - (+0.0 bytes)
test_get_segments_intersect_same (pysal.cg.tests.test_standalone.TestGetSegmentsIntersect) ... ok - (+0.0 bytes)
test_get_segments_intersect_shared_vert (pysal.cg.tests.test_standalone.TestGetSegmentsIntersect) ... ok - (+0.0 bytes)
test_get_shared_segments (pysal.cg.tests.test_standalone.TestGetSharedSegments) ... ok - (+0.0 bytes)
test_get_shared_segments_non_bool (pysal.cg.tests.test_standalone.TestGetSharedSegments) ... ok - (+0.0 bytes)
test_is_clockwise (pysal.cg.tests.test_standalone.TestIsClockwise) ... ok - (+0.0 bytes)
test_is_clockwise_big (pysal.cg.tests.test_standalone.TestIsClockwise) ... ok - (+0.0 bytes)
test_is_clockwise_expect_false (pysal.cg.tests.test_standalone.TestIsClockwise) ... ok - (+0.0 bytes)
test_is_collinear (pysal.cg.tests.test_standalone.TestIsCollinear) ... ok - (+0.0 bytes)
test_is_collinear_AlongX (pysal.cg.tests.test_standalone.TestIsCollinear) ... ok - (+0.0 bytes)
test_is_collinear_AlongY (pysal.cg.tests.test_standalone.TestIsCollinear) ... ok - (+0.0 bytes)
test_is_collinear_expectFalse (pysal.cg.tests.test_standalone.TestIsCollinear) ... ok - (+0.0 bytes)
test_is_collinear_random (pysal.cg.tests.test_standalone.TestIsCollinear) ... ok - (+0.0 bytes)
test_is_collinear_random2 (pysal.cg.tests.test_standalone.TestIsCollinear) ... ok - (+0.0 bytes)
Given: p1 = (0.1, 0.2), p2 = (0.2, 0.3), p3 = (0.3, 0.4) ... ok - (+0.0 bytes)
test_point_touches_rectangle_inside (pysal.cg.tests.test_standalone.TestPointTouchesRectangle) ... ok - (+0.0 bytes)
test_point_touches_rectangle_on_corner (pysal.cg.tests.test_standalone.TestPointTouchesRectangle) ... ok - (+0.0 bytes)
test_point_touches_rectangle_on_edge (pysal.cg.tests.test_standalone.TestPointTouchesRectangle) ... ok - (+0.0 bytes)
test_point_touches_rectangle_outside (pysal.cg.tests.test_standalone.TestPointTouchesRectangle) ... ok - (+0.0 bytes)
test_close (pysal.core.IOHandlers.tests.test_arcgis_dbf.test_ArcGISDbfIO) ... ok - (+64.0 kB)
test_read (pysal.core.IOHandlers.tests.test_arcgis_dbf.test_ArcGISDbfIO) ... ok - (+0.0 bytes)
test_seek (pysal.core.IOHandlers.tests.test_arcgis_dbf.test_ArcGISDbfIO) ... ok - (+0.0 bytes)
test_write (pysal.core.IOHandlers.tests.test_arcgis_dbf.test_ArcGISDbfIO) ... ok - (+64.0 kB)
test_close (pysal.core.IOHandlers.tests.test_arcgis_swm.test_ArcGISSwmIO) ... ok - (+0.0 bytes)
test_read (pysal.core.IOHandlers.tests.test_arcgis_swm.test_ArcGISSwmIO) ... ok - (+0.0 bytes)
test_seek (pysal.core.IOHandlers.tests.test_arcgis_swm.test_ArcGISSwmIO) ... ok - (+0.0 bytes)
test_write (pysal.core.IOHandlers.tests.test_arcgis_swm.test_ArcGISSwmIO) ... ok - (+1.2 MB)
test_close (pysal.core.IOHandlers.tests.test_arcgis_txt.test_ArcGISTextIO) ... ok - (+0.0 bytes)
test_read (pysal.core.IOHandlers.tests.test_arcgis_txt.test_ArcGISTextIO) ... ok - (+0.0 bytes)
test_seek (pysal.core.IOHandlers.tests.test_arcgis_txt.test_ArcGISTextIO) ... ok - (+0.0 bytes)
test_write (pysal.core.IOHandlers.tests.test_arcgis_txt.test_ArcGISTextIO) ... ok - (+48.0 kB)
test_by_col (pysal.core.IOHandlers.tests.test_csvWrapper.test_csvWrapper) ... ok - (+64.0 kB)
test_casting (pysal.core.IOHandlers.tests.test_csvWrapper.test_csvWrapper) ... ok - (+352.0 kB)
test_len (pysal.core.IOHandlers.tests.test_csvWrapper.test_csvWrapper) ... ok - (+448.0 kB)
test_read (pysal.core.IOHandlers.tests.test_csvWrapper.test_csvWrapper) ... ok - (+624.0 kB)
test_seek (pysal.core.IOHandlers.tests.test_csvWrapper.test_csvWrapper) ... ok - (+736.0 kB)
test_slicing (pysal.core.IOHandlers.tests.test_csvWrapper.test_csvWrapper) ... ok - (+672.0 kB)
test_tell (pysal.core.IOHandlers.tests.test_csvWrapper.test_csvWrapper) ... ok - (+672.0 kB)
test_close (pysal.core.IOHandlers.tests.test_dat.test_DatIO) ... ok - (+0.0 bytes)
test_read (pysal.core.IOHandlers.tests.test_dat.test_DatIO) ... ok - (+0.0 bytes)
test_seek (pysal.core.IOHandlers.tests.test_dat.test_DatIO) ... ok - (+0.0 bytes)
test_write (pysal.core.IOHandlers.tests.test_dat.test_DatIO) ... ok - (+608.0 kB)
test___init__ (pysal.core.IOHandlers.tests.test_gal.test_GalIO) ... ok - (+0.0 bytes)
test_close (pysal.core.IOHandlers.tests.test_gal.test_GalIO) ... ok - (+0.0 bytes)
test_read (pysal.core.IOHandlers.tests.test_gal.test_GalIO) ... ok - (+0.0 bytes)
test_seek (pysal.core.IOHandlers.tests.test_gal.test_GalIO) ... ok - (+0.0 bytes)
test_write (pysal.core.IOHandlers.tests.test_gal.test_GalIO) ... ok - (+912.0 kB)
test_close (pysal.core.IOHandlers.tests.test_geobugs_txt.test_GeoBUGSTextIO) ... ok - (+0.0 bytes)
test_read (pysal.core.IOHandlers.tests.test_geobugs_txt.test_GeoBUGSTextIO) ... ok - (+0.0 bytes)
test_seek (pysal.core.IOHandlers.tests.test_geobugs_txt.test_GeoBUGSTextIO) ... ok - (+0.0 bytes)
test_write (pysal.core.IOHandlers.tests.test_geobugs_txt.test_GeoBUGSTextIO) ... ok - (+384.0 kB)
test___init__ (pysal.core.IOHandlers.tests.test_geoda_txt.test_GeoDaTxtReader) ... ok - (+0.0 bytes)
test___len__ (pysal.core.IOHandlers.tests.test_geoda_txt.test_GeoDaTxtReader) ... ok - (+0.0 bytes)
test_close (pysal.core.IOHandlers.tests.test_geoda_txt.test_GeoDaTxtReader) ... ok - (+32.0 kB)
test_close (pysal.core.IOHandlers.tests.test_gwt.test_GwtIO) ... ok - (+0.0 bytes)
test_read (pysal.core.IOHandlers.tests.test_gwt.test_GwtIO) ... ok - (+4.1 MB)
test_seek (pysal.core.IOHandlers.tests.test_gwt.test_GwtIO) ... ok - (+912.0 kB)
test_write (pysal.core.IOHandlers.tests.test_gwt.test_GwtIO) ... /home/ljw/dev/pysal/pysal/core/IOHandlers/gwt.py:148: RuntimeWarning: DBF relating to GWT was not found, proceeding with unordered string ids.
  warn("DBF relating to GWT was not found, proceeding with unordered string ids.", RuntimeWarning)
ok - (+768.0 kB)
test_close (pysal.core.IOHandlers.tests.test_mat.test_MatIO) ... ok - (+0.0 bytes)
test_read (pysal.core.IOHandlers.tests.test_mat.test_MatIO) ... ok - (+0.0 bytes)
test_seek (pysal.core.IOHandlers.tests.test_mat.test_MatIO) ... ok - (+0.0 bytes)
test_write (pysal.core.IOHandlers.tests.test_mat.test_MatIO) ... ok - (+976.0 kB)
test_close (pysal.core.IOHandlers.tests.test_mtx.test_MtxIO) ... ok - (+0.0 bytes)
test_read (pysal.core.IOHandlers.tests.test_mtx.test_MtxIO) ... ok - (+0.0 bytes)
test_seek (pysal.core.IOHandlers.tests.test_mtx.test_MtxIO) ... ok - (+0.0 bytes)
test_write (pysal.core.IOHandlers.tests.test_mtx.test_MtxIO) ... ok - (+0.0 bytes)
test_cast (pysal.core.IOHandlers.tests.test_pyDbfIO.test_DBF) ... ok - (+0.0 bytes)
test_len (pysal.core.IOHandlers.tests.test_pyDbfIO.test_DBF) ... ok - (+0.0 bytes)
test_random_access (pysal.core.IOHandlers.tests.test_pyDbfIO.test_DBF) ... ok - (+0.0 bytes)
test_read (pysal.core.IOHandlers.tests.test_pyDbfIO.test_DBF) ... ok - (+0.0 bytes)
test_seek (pysal.core.IOHandlers.tests.test_pyDbfIO.test_DBF) ... ok - (+0.0 bytes)
test_tell (pysal.core.IOHandlers.tests.test_pyDbfIO.test_DBF) ... ok - (+0.0 bytes)
test_write (pysal.core.IOHandlers.tests.test_pyDbfIO.test_DBF) ... ok - (+0.0 bytes)
test_writeNones (pysal.core.IOHandlers.tests.test_pyDbfIO.test_DBF) ... ok - (+0.0 bytes)
test_len (pysal.core.IOHandlers.tests.test_pyShpIO.test_PurePyShpWrapper) ... ok - (+0.0 bytes)
test_random_access (pysal.core.IOHandlers.tests.test_pyShpIO.test_PurePyShpWrapper) ... ok - (+0.0 bytes)
test_read (pysal.core.IOHandlers.tests.test_pyShpIO.test_PurePyShpWrapper) ... FAIL
(+31.8 MB)
test_seek (pysal.core.IOHandlers.tests.test_pyShpIO.test_PurePyShpWrapper) ... ok - (+0.0 bytes)
test_tell (pysal.core.IOHandlers.tests.test_pyShpIO.test_PurePyShpWrapper) ... ok - (+0.0 bytes)
test_write (pysal.core.IOHandlers.tests.test_pyShpIO.test_PurePyShpWrapper) ... ok - (+0.0 bytes)
test_close (pysal.core.IOHandlers.tests.test_stata_txt.test_StataTextIO) ... ok - (+0.0 bytes)
test_read (pysal.core.IOHandlers.tests.test_stata_txt.test_StataTextIO) ... ok - (+0.0 bytes)
test_seek (pysal.core.IOHandlers.tests.test_stata_txt.test_StataTextIO) ... ok - (+0.0 bytes)
test_write (pysal.core.IOHandlers.tests.test_stata_txt.test_StataTextIO) ... ok - (+0.0 bytes)
test_close (pysal.core.IOHandlers.tests.test_wk1.test_Wk1IO) ... ok - (+0.0 bytes)
test_read (pysal.core.IOHandlers.tests.test_wk1.test_Wk1IO) ... ok - (+0.0 bytes)
test_seek (pysal.core.IOHandlers.tests.test_wk1.test_Wk1IO) ... ok - (+0.0 bytes)
test_write (pysal.core.IOHandlers.tests.test_wk1.test_Wk1IO) ... ok - (+0.0 bytes)
test__read (pysal.core.IOHandlers.tests.test_wkt.test_WKTReader) ... ok - (+0.0 bytes)
test_close (pysal.core.IOHandlers.tests.test_wkt.test_WKTReader) ... ok - (+0.0 bytes)
test_open (pysal.core.IOHandlers.tests.test_wkt.test_WKTReader) ... ok - (+0.0 bytes)
test___init__ (test_shapefile.TestMultiPatch) ... ok - (+0.0 bytes)
test___init__ (test_shapefile.TestMultiPoint) ... ok - (+0.0 bytes)
test___init__ (test_shapefile.TestMultiPointM) ... ok - (+0.0 bytes)
test___init__ (test_shapefile.TestMultiPointZ) ... ok - (+0.0 bytes)
test_none_max (test_shapefile.TestNoneMax) ... ok - (+0.0 bytes)
test_none_min (test_shapefile.TestNoneMin) ... ok - (+0.0 bytes)
test_pack (test_shapefile.TestNullShape) ... ok - (+0.0 bytes)
test_unpack (test_shapefile.TestNullShape) ... ok - (+0.0 bytes)
test_pack (test_shapefile.TestPoint) ... ok - (+0.0 bytes)
test_unpack (test_shapefile.TestPoint) ... ok - (+0.0 bytes)
test___init__ (test_shapefile.TestPointM) ... ok - (+0.0 bytes)
test_pack (test_shapefile.TestPointZ) ... ok - (+0.0 bytes)
test_unpack (test_shapefile.TestPointZ) ... ok - (+0.0 bytes)
test_pack (test_shapefile.TestPolyLine) ... ok - (+0.0 bytes)
test_unpack (test_shapefile.TestPolyLine) ... ok - (+0.0 bytes)
test___init__ (test_shapefile.TestPolyLineM) ... ok - (+0.0 bytes)
test_pack (test_shapefile.TestPolyLineZ) ... ok - (+0.0 bytes)
test_unpack (test_shapefile.TestPolyLineZ) ... ok - (+0.0 bytes)
test___init__ (test_shapefile.TestPolygonM) ... ok - (+0.0 bytes)
test_pack (test_shapefile.TestPolygonZ) ... ok - (+0.0 bytes)
test___init__ (test_shapefile.test_shp_file) ... ok - (+0.0 bytes)
test___iter__ (test_shapefile.test_shp_file) ... ok - (+0.0 bytes)
test___len__ (test_shapefile.test_shp_file) ... ok - (+0.0 bytes)
test_add_shape (test_shapefile.test_shp_file) ... ok - (+0.0 bytes)
test_close (test_shapefile.test_shp_file) ... ok - (+0.0 bytes)
test_get_shape (test_shapefile.test_shp_file) ... ok - (+0.0 bytes)
test_next (test_shapefile.test_shp_file) ... ok - (+0.0 bytes)
test_type (test_shapefile.test_shp_file) ... ok - (+0.0 bytes)
test___init__ (test_shapefile.test_shx_file) ... ok - (+0.0 bytes)
test_add_record (test_shapefile.test_shx_file) ... ok - (+0.0 bytes)
test_close (test_shapefile.test_shx_file) ... ok - (+0.0 bytes)
test__setW (test_weight_converter.test_WeightConverter) ... ok - (+0.0 bytes)
test_weight_convert (test_weight_converter.test_WeightConverter) ... ok - (+0.0 bytes)
test_write (test_weight_converter.test_WeightConverter) ... ok - (+0.0 bytes)
test_LineString (test_wkt.test_WKTParser) ... ok - (+0.0 bytes)
test_Point (test_wkt.test_WKTParser) ... ok - (+0.0 bytes)
test_Polygon (test_wkt.test_WKTParser) ... ok - (+0.0 bytes)
test_fromWKT (test_wkt.test_WKTParser) ... ok - (+0.0 bytes)
Test method ... ok - (+0.0 bytes)
Test method ... ok - (+0.0 bytes)
test_Geary (pysal.esda.tests.test_geary.Geary_Tester) ... ok - (+0.0 bytes)
test_Geary (pysal.esda.tests.test_geary.Geary_Tester) ... ok - (+0.0 bytes)
test_G_Local_Binary (pysal.esda.tests.test_getisord.G_Local_Tester) ... ok - (+0.0 bytes)
test_G_Local_Row_Standardized (pysal.esda.tests.test_getisord.G_Local_Tester) ... ok - (+0.0 bytes)
test_G_star_Local_Binary (pysal.esda.tests.test_getisord.G_Local_Tester) ... ok - (+0.0 bytes)
test_G_star_Row_Standardized (pysal.esda.tests.test_getisord.G_Local_Tester) ... ok - (+0.0 bytes)
test_G_Local_Binary (pysal.esda.tests.test_getisord.G_Local_Tester) ... ok - (+0.0 bytes)
test_G_Local_Row_Standardized (pysal.esda.tests.test_getisord.G_Local_Tester) ... ok - (+0.0 bytes)
test_G_star_Local_Binary (pysal.esda.tests.test_getisord.G_Local_Tester) ... ok - (+0.0 bytes)
test_G_star_Row_Standardized (pysal.esda.tests.test_getisord.G_Local_Tester) ... ok - (+0.0 bytes)
test_G (pysal.esda.tests.test_getisord.G_Tester) ... ok - (+0.0 bytes)
Test method ... ok - (+0.0 bytes)
Test method ... ok - (+0.0 bytes)
test_bin (pysal.esda.tests.test_mapclassify.TestBin) ... /home/ljw/.local/lib/python2.7/site-packages/numpy/core/fromnumeric.py:2507: VisibleDeprecationWarning: `rank` is deprecated; use the `ndim` attribute or function instead. To find the rank of a matrix see `numpy.linalg.matrix_rank`.
  VisibleDeprecationWarning)
ok - (+0.0 bytes)
test_bin1d (pysal.esda.tests.test_mapclassify.TestBin1d) ... ok - (+0.0 bytes)
test_bin_c (pysal.esda.tests.test_mapclassify.TestBinC) ... ok - (+0.0 bytes)
test_Box_Plot (pysal.esda.tests.test_mapclassify.TestBoxPlot) ... ok - (+0.0 bytes)
test_Equal_Interval (pysal.esda.tests.test_mapclassify.TestEqualInterval) ... ok - (+0.0 bytes)
test_Fisher_Jenks (pysal.esda.tests.test_mapclassify.TestFisherJenks) ... ok - (+0.0 bytes)
test_gadf (pysal.esda.tests.test_mapclassify.TestGadf) ... ok - (+0.0 bytes)
test_Jenks_Caspall (pysal.esda.tests.test_mapclassify.TestJenksCaspall) ... ok - (+0.0 bytes)
test_Jenks_Caspall_Forced (pysal.esda.tests.test_mapclassify.TestJenksCaspallForced) ... ok - (+0.0 bytes)
test_Jenks_Caspall_Sampled (pysal.esda.tests.test_mapclassify.TestJenksCaspallSampled) ... FAIL
(+51.2 MB)
test_K_classifiers (pysal.esda.tests.test_mapclassify.TestKClassifiers) ... ok - (+0.0 bytes)
test_Map_Classifier (pysal.esda.tests.test_mapclassify.TestMapClassifier) ... ok - (+0.0 bytes)
test___repr__ (pysal.esda.tests.test_mapclassify.TestMapClassifier) ... ok - (+0.0 bytes)
test___str__ (pysal.esda.tests.test_mapclassify.TestMapClassifier) ... ok - (+0.0 bytes)
test_get_adcm (pysal.esda.tests.test_mapclassify.TestMapClassifier) ... ok - (+0.0 bytes)
test_get_gadf (pysal.esda.tests.test_mapclassify.TestMapClassifier) ... ok - (+0.0 bytes)
test_get_tss (pysal.esda.tests.test_mapclassify.TestMapClassifier) ... ok - (+0.0 bytes)
test_Max_P_Classifier (pysal.esda.tests.test_mapclassify.TestMaxPClassifier) ... ok - (+0.0 bytes)
test_Maximum_Breaks (pysal.esda.tests.test_mapclassify.TestMaximumBreaks) ... ok - (+0.0 bytes)
test_Natural_Breaks (pysal.esda.tests.test_mapclassify.TestNaturalBreaks) ... ok - (+0.0 bytes)
test_Natural_Breaks_randomData (pysal.esda.tests.test_mapclassify.TestNaturalBreaks) ... ok - (+0.0 bytes)
test_Natural_Breaks_stability (pysal.esda.tests.test_mapclassify.TestNaturalBreaks) ... ok - (+0.0 bytes)
test_natural_breaks (pysal.esda.tests.test_mapclassify.TestNaturalBreaks) ... ok - (+0.0 bytes)
test_Percentiles (pysal.esda.tests.test_mapclassify.TestPercentiles) ... ok - (+0.0 bytes)
test_quantile (pysal.esda.tests.test_mapclassify.TestQuantile) ... ok - (+0.0 bytes)
test_quantile_k (pysal.esda.tests.test_mapclassify.TestQuantile) ... ok - (+0.0 bytes)
test_quantile_k4 (pysal.esda.tests.test_mapclassify.TestQuantile) ... ok - (+0.0 bytes)
test_Quantiles (pysal.esda.tests.test_mapclassify.TestQuantiles) ... ok - (+0.0 bytes)
test_Std_Mean (pysal.esda.tests.test_mapclassify.TestStdMean) ... ok - (+0.0 bytes)
test_User_Defined (pysal.esda.tests.test_mapclassify.TestUserDefined) ... ok - (+0.0 bytes)
Test the main class ... ok - (+0.0 bytes)
test_Moran_BV_matrix (pysal.esda.tests.test_moran.Moran_BV_matrix_Tester) ... ok - (+0.0 bytes)
test_Moran_Local_BV (pysal.esda.tests.test_moran.Moran_Local_BV_Tester) ... ok - (+0.0 bytes)
test_moran_rate (pysal.esda.tests.test_moran.Moran_Local_Rate_Tester) ... ok - (+0.0 bytes)
test_Moran_Local (pysal.esda.tests.test_moran.Moran_Local_Tester) ... ok - (+0.0 bytes)
test_Moran_Local (pysal.esda.tests.test_moran.Moran_Local_Tester) ... ok - (+0.0 bytes)
test_moran_rate (pysal.esda.tests.test_moran.Moran_Rate_Tester) ... ok - (+0.0 bytes)
test_moran (pysal.esda.tests.test_moran.Moran_Tester) ... ok - (+0.0 bytes)
test_sids (pysal.esda.tests.test_moran.Moran_Tester) ... ok - (+0.0 bytes)
test_crude_age_standardization (pysal.esda.tests.test_smoothing.TestAgeStd) ... ok - (+0.0 bytes)
test_direct_age_standardization (pysal.esda.tests.test_smoothing.TestAgeStd) ... ok - (+0.0 bytes)
test_indirect_age_standardization (pysal.esda.tests.test_smoothing.TestAgeStd) ... ok - (+0.0 bytes)
test_flatten (pysal.esda.tests.test_smoothing.TestFlatten) ... ok - (+0.0 bytes)
test_Headbanging_Median_Rate (pysal.esda.tests.test_smoothing.TestHB) ... ok - (+0.0 bytes)
test_Headbanging_Triples (pysal.esda.tests.test_smoothing.TestHB) ... ok - (+0.0 bytes)
test_Age_Adjusted_Smoother (pysal.esda.tests.test_smoothing.TestKernel_AgeAdj_SM) ... ok - (+0.0 bytes)
test_Disk_Smoother (pysal.esda.tests.test_smoothing.TestKernel_AgeAdj_SM) ... ok - (+0.0 bytes)
test_Kernel_Smoother (pysal.esda.tests.test_smoothing.TestKernel_AgeAdj_SM) ... ok - (+0.0 bytes)
test_Spatial_Filtering (pysal.esda.tests.test_smoothing.TestKernel_AgeAdj_SM) ... ok - (+0.0 bytes)
test_Empirical_Bayes (pysal.esda.tests.test_smoothing.TestSRate) ... ok - (+0.0 bytes)
test_Excess_Risk (pysal.esda.tests.test_smoothing.TestSRate) ... ok - (+0.0 bytes)
test_Spatial_Empirical_Bayes (pysal.esda.tests.test_smoothing.TestSRate) ... ok - (+0.0 bytes)
test_Spatial_Median_Rate (pysal.esda.tests.test_smoothing.TestSRate) ... ok - (+0.0 bytes)
test_Spatial_Rate (pysal.esda.tests.test_smoothing.TestSRate) ... ok - (+0.0 bytes)
test_assuncao_rate (pysal.esda.tests.test_smoothing.TestUtils) ... ok - (+0.0 bytes)
test_choynowski (pysal.esda.tests.test_smoothing.TestUtils) ... ok - (+0.0 bytes)
test_standardized_mortality_ratio (pysal.esda.tests.test_smoothing.TestUtils) ... ok - (+0.0 bytes)
test_sum_by_n (pysal.esda.tests.test_smoothing.TestUtils) ... ok - (+0.0 bytes)
test_assuncao_rate (pysal.esda.tests.test_smoothing.TestUtils) ... ok - (+0.0 bytes)
test_choynowski (pysal.esda.tests.test_smoothing.TestUtils) ... ok - (+0.0 bytes)
test_standardized_mortality_ratio (pysal.esda.tests.test_smoothing.TestUtils) ... ok - (+0.0 bytes)
test_sum_by_n (pysal.esda.tests.test_smoothing.TestUtils) ... ok - (+0.0 bytes)
test_weighted_median (pysal.esda.tests.test_smoothing.TestWMean) ... ok - (+0.0 bytes)
test_get_path (pysal.examples.test_examples.Example_Tester) ... ok - (+0.0 bytes)
test_parser (pysal.examples.test_examples.Example_Tester) ... ok - (+0.0 bytes)
test___init__ (pysal.inequality.tests.test_theil.test_Theil) ... ok - (+0.0 bytes)
test___init__ (pysal.inequality.tests.test_theil.test_TheilD) ... ok - (+0.0 bytes)
test___init__ (pysal.inequality.tests.test_theil.test_TheilDSim) ... ok - (+0.0 bytes)
test_contiguity_weights (pysal.network.tests.test_network.TestNetwork) ... ok - (+0.0 bytes)
test_contiguity_weights_graph (pysal.network.tests.test_network.TestNetwork) ... ok - (+0.0 bytes)
test_distance_band_weights (pysal.network.tests.test_network.TestNetwork) ... ok - (+0.0 bytes)
test_edge_segmentation (pysal.network.tests.test_network.TestNetwork) ... ok - (+0.0 bytes)
test_enum_links_node (pysal.network.tests.test_network.TestNetwork) ... ok - (+0.0 bytes)
test_extract_network (pysal.network.tests.test_network.TestNetwork) ... ok - (+0.0 bytes)
test_add_point_pattern (pysal.network.tests.test_network.TestNetworkPointPattern) ... ok - (+0.0 bytes)
test_all_neighbor_distances (pysal.network.tests.test_network.TestNetworkPointPattern) ... ok - (+0.0 bytes)
test_count_per_edge (pysal.network.tests.test_network.TestNetworkPointPattern) ... ok - (+0.0 bytes)
test_count_per_graph_edge (pysal.network.tests.test_network.TestNetworkPointPattern) ... ok - (+0.0 bytes)
test_nearest_neighbor_distances (pysal.network.tests.test_network.TestNetworkPointPattern) ... ok - (+0.0 bytes)
test_nearest_neighbor_search (pysal.network.tests.test_network.TestNetworkPointPattern) ... ok - (+0.0 bytes)
test_simulate_normal_observations (pysal.network.tests.test_network.TestNetworkPointPattern) ... ok - (+0.0 bytes)
test_simulate_poisson_observations (pysal.network.tests.test_network.TestNetworkPointPattern) ... ok - (+0.0 bytes)
test_dijkstra (pysal.network.tests.test_network.TestNetworkUtils) ... ok - (+0.0 bytes)
test_check_contiguity (pysal.region.tests.test_components.Test_Components) ... ok - (+0.0 bytes)
test_Maxp (pysal.region.tests.test_maxp.Test_Maxp) ... ok - (+0.0 bytes)
test_Maxp_LISA (pysal.region.tests.test_maxp.Test_Maxp) ... ok - (+0.0 bytes)
test_cinference (pysal.region.tests.test_maxp.Test_Maxp) ... ok - (+0.0 bytes)
test_inference (pysal.region.tests.test_maxp.Test_Maxp) ... ok - (+0.0 bytes)
test_Random_Region (pysal.region.tests.test_randomregion.Test_Random_Regions) ... ok - (+0.0 bytes)
test_Random_Regions (pysal.region.tests.test_randomregion.Test_Random_Regions) ... ok - (+0.0 bytes)
test_rose (pysal.spatial_dynamics.tests.test_directional.Rose_Tester) ... ok - (+0.0 bytes)
test_rose (pysal.spatial_dynamics.tests.test_directional.Rose_Tester) ... ok - (+0.0 bytes)
test_fmpt (pysal.spatial_dynamics.tests.test_ergodic.Fmpt_Tester) ... ok - (+0.0 bytes)
test_steady_state (pysal.spatial_dynamics.tests.test_ergodic.SteadyState_Tester) ... ok - (+0.0 bytes)
test_var_fmpt (pysal.spatial_dynamics.tests.test_ergodic.VarFmpt_Tester) ... ok - (+0.0 bytes)
test_var_fmpt (pysal.spatial_dynamics.tests.test_ergodic.VarFmpt_Tester) ... ok - (+0.0 bytes)
test_jacquez (pysal.spatial_dynamics.tests.test_interaction.Jacquez_Tester) ... ok - (+0.0 bytes)
test_knox (pysal.spatial_dynamics.tests.test_interaction.Knox_Tester) ... ok - (+0.0 bytes)
test_mantel (pysal.spatial_dynamics.tests.test_interaction.Mantel_Tester) ... ok - (+0.0 bytes)
test_modified_knox (pysal.spatial_dynamics.tests.test_interaction.ModifiedKnox_Tester) ... ok - (+0.0 bytes)
test_modified_knox (pysal.spatial_dynamics.tests.test_interaction.ModifiedKnox_Tester) ... ok - (+0.0 bytes)
test_SpaceTimeEvents (pysal.spatial_dynamics.tests.test_interaction.SpaceTimeEvents_Tester) ... ok - (+0.0 bytes)
test___init__ (pysal.spatial_dynamics.tests.test_markov.test_LISA_Markov) ... ok - (+0.0 bytes)
test___init__ (pysal.spatial_dynamics.tests.test_markov.test_Markov) ... ok - (+0.0 bytes)
test___init__ (pysal.spatial_dynamics.tests.test_markov.test_Spatial_Markov) ... ok - (+0.0 bytes)
test_chi2 (pysal.spatial_dynamics.tests.test_markov.test_chi2) ... ok - (+0.0 bytes)
test___init__ (pysal.spatial_dynamics.tests.test_markov.test_kullback) ... ok - (+0.0 bytes)
test___init__ (pysal.spatial_dynamics.tests.test_markov.test_prais) ... ok - (+0.0 bytes)
test___init__ (pysal.spatial_dynamics.tests.test_markov.test_shorrock) ... ok - (+0.0 bytes)
test_SpatialTau (pysal.spatial_dynamics.tests.test_rank.SpatialTau_Tester) ... ok - (+0.0 bytes)
test_Tau (pysal.spatial_dynamics.tests.test_rank.Tau_Tester) ... ok - (+0.0 bytes)
test_Tau (pysal.spatial_dynamics.tests.test_rank.Tau_Tester) ... ok - (+0.0 bytes)
test_Theta (pysal.spatial_dynamics.tests.test_rank.Theta_Tester) ... ok - (+0.0 bytes)
test_get_lower (pysal.spatial_dynamics.tests.test_util.GetLower_Tester) ... ok - (+0.0 bytes)
test_get_lower (pysal.spatial_dynamics.tests.test_util.GetLower_Tester) ... ok - (+0.0 bytes)
test_shuffle_matrix (pysal.spatial_dynamics.tests.test_util.ShuffleMatrix_Tester) ... ok - (+0.0 bytes)
test_akaike (test_diagnostics.TestAkaike) ... ok - (+0.0 bytes)
test_ar2 (test_diagnostics.TestAr2) ... ok - (+0.0 bytes)
test_breusch_pagan (test_diagnostics.TestBreuschPagan) ... ok - (+0.0 bytes)
test_condition_index (test_diagnostics.TestConditionIndex) ... ok - (+0.0 bytes)
test_constant_check (test_diagnostics.TestConstantCheck) ... ok - (+0.0 bytes)
test_f_stat (test_diagnostics.TestFStat) ... ok - (+0.0 bytes)
test_jarque_bera (test_diagnostics.TestJarqueBera) ... ok - (+0.0 bytes)
test_koenker_bassett (test_diagnostics.TestKoenkerBassett) ... ok - (+0.0 bytes)
test_log_likelihood (test_diagnostics.TestLogLikelihood) ... ok - (+0.0 bytes)
test_r2 (test_diagnostics.TestR2) ... ok - (+0.0 bytes)
test_schwarz (test_diagnostics.TestSchwarz) ... ok - (+0.0 bytes)
test_se_betas (test_diagnostics.TestSeBetas) ... ok - (+0.0 bytes)
test_t_stat (test_diagnostics.TestTStat) ... ok - (+0.0 bytes)
test_vif (test_diagnostics.TestVif) ... ok - (+0.0 bytes)
test_white (test_diagnostics.TestWhite) ... ok - (+0.0 bytes)
test_gen_ak (test_diagnostics_sp.TestAKTest) ... ok - (+0.0 bytes)
test_gen_mi (test_diagnostics_sp.TestAKTest) ... ok - (+0.0 bytes)
test_gen_p (test_diagnostics_sp.TestAKTest) ... ok - (+0.0 bytes)
test_sp_ak (test_diagnostics_sp.TestAKTest) ... ok - (+0.0 bytes)
test_sp_mi (test_diagnostics_sp.TestAKTest) ... ok - (+0.0 bytes)
test_sp_p (test_diagnostics_sp.TestAKTest) ... ok - (+0.0 bytes)
test_lm_err (test_diagnostics_sp.TestLMtests) ... ok - (+0.0 bytes)
test_lm_lag (test_diagnostics_sp.TestLMtests) ... ok - (+0.0 bytes)
test_lm_sarma (test_diagnostics_sp.TestLMtests) ... ok - (+0.0 bytes)
test_rlm_err (test_diagnostics_sp.TestLMtests) ... ok - (+0.0 bytes)
test_rlm_lag (test_diagnostics_sp.TestLMtests) ... ok - (+0.0 bytes)
test_get_e_i (test_diagnostics_sp.TestMoranRes) ... ok - (+0.0 bytes)
test_get_m_i (test_diagnostics_sp.TestMoranRes) ... ok - (+0.0 bytes)
test_get_v_i (test_diagnostics_sp.TestMoranRes) ... ok - (+0.0 bytes)
test_get_z_i (test_diagnostics_sp.TestMoranRes) ... ok - (+0.0 bytes)
test_j (test_diagnostics_sp.TestSpDcache) ... ok - (+0.0 bytes)
test_t (test_diagnostics_sp.TestSpDcache) ... ok - (+0.0 bytes)
test_trA (test_diagnostics_sp.TestSpDcache) ... ok - (+0.0 bytes)
test_utwuDs (test_diagnostics_sp.TestSpDcache) ... ok - (+0.0 bytes)
test_utwyDs (test_diagnostics_sp.TestSpDcache) ... ok - (+0.0 bytes)
test_wu (test_diagnostics_sp.TestSpDcache) ... ok - (+0.0 bytes)
test_pr2_aspatial (test_diagnostics_tsls.TestPr2Aspatial) ... ok - (+0.0 bytes)
test_pr2_spatial (test_diagnostics_tsls.TestPr2Spatial) ... ok - (+0.0 bytes)
test_t_stat (test_diagnostics_tsls.TestTStat) ... ok - (+0.0 bytes)
test_model (test_error_sp.TestBaseGMCombo) ... ok - (+272.0 kB)
test_model (test_error_sp.TestBaseGMEndogError) ... ok - (+208.0 kB)
test_model (test_error_sp.TestBaseGMError) ... ok - (+64.0 kB)
test_model (test_error_sp.TestGMCombo) ... ok - (+80.0 kB)
test_model (test_error_sp.TestGMEndogError) ... ok - (+80.0 kB)
test_model (test_error_sp.TestGMError) ... ok - (+80.0 kB)
test_model (test_error_sp_het.TestBaseGMComboHet) ... ok - (+208.0 kB)
test_model (test_error_sp_het.TestBaseGMEndogErrorHet) ... ok - (+80.0 kB)
test_model (test_error_sp_het.TestBaseGMErrorHet) ... ok - (+64.0 kB)
test_model (test_error_sp_het.TestGMComboHet) ... ok - (+96.0 kB)
test_model (test_error_sp_het.TestGMEndogErrorHet) ... ok - (+80.0 kB)
test_model (test_error_sp_het.TestGMErrorHet) ... ok - (+144.0 kB)
test_model (test_error_sp_het_regimes.TestGM_Error_Het_Regimes) ... ok - (+240.0 kB)
test_model_combo (test_error_sp_het_regimes.TestGM_Error_Het_Regimes) ... ok - (+1.0 MB)
test_model_combo_regi_error (test_error_sp_het_regimes.TestGM_Error_Het_Regimes) ... ok - (+2.1 MB)
test_model_endog (test_error_sp_het_regimes.TestGM_Error_Het_Regimes) ... ok - (+1.4 MB)
test_model_endog_regi_error (test_error_sp_het_regimes.TestGM_Error_Het_Regimes) ... ok - (+2.0 MB)
test_model_regi_error (test_error_sp_het_regimes.TestGM_Error_Het_Regimes) ... ok - (+3.3 MB)
test_model (test_error_sp_het_sparse.TestBaseGMComboHet) ... ok - (+1.0 MB)
test_model (test_error_sp_het_sparse.TestBaseGMEndogErrorHet) ... ok - (+80.0 kB)
test_model (test_error_sp_het_sparse.TestBaseGMErrorHet) ... ok - (+64.0 kB)
test_model (test_error_sp_het_sparse.TestGMComboHet) ... ok - (+64.0 kB)
test_model (test_error_sp_het_sparse.TestGMEndogErrorHet) ... ok - (+224.0 kB)
test_model (test_error_sp_het_sparse.TestGMErrorHet) ... ok - (+256.0 kB)
test_model (test_error_sp_hom.BaseGM_Combo_Hom_Tester) ... ok - (+608.0 kB)
test_model (test_error_sp_hom.BaseGM_Endog_Error_Hom_Tester) ... ok - (+272.0 kB)
test_model (test_error_sp_hom.BaseGM_Error_Hom_Tester) ... ok - (+224.0 kB)
test_model (test_error_sp_hom.GM_Combo_Hom_Tester) ... ok - (+256.0 kB)
test_model (test_error_sp_hom.GM_Combo_Hom_Tester) ... ok - (+256.0 kB)
test_model (test_error_sp_hom.GM_Endog_Error_Hom_Tester) ... ok - (+240.0 kB)
test_model (test_error_sp_hom.GM_Error_Hom_Tester) ... ok - (+224.0 kB)
test_model (test_error_sp_hom_regimes.TestGM_Error_Hom_Regimes) ... ok - (+256.0 kB)
test_model_combo (test_error_sp_hom_regimes.TestGM_Error_Hom_Regimes) ... ok - (+1008.0 kB)
test_model_combo_regi_error (test_error_sp_hom_regimes.TestGM_Error_Hom_Regimes) ... ok - (+2.1 MB)
test_model_endog (test_error_sp_hom_regimes.TestGM_Error_Hom_Regimes) ... ok - (+928.0 kB)
test_model_endog_regi_error (test_error_sp_hom_regimes.TestGM_Error_Hom_Regimes) ... ok - (+2.4 MB)
test_model_regi_error (test_error_sp_hom_regimes.TestGM_Error_Hom_Regimes) ... ok - (+2.9 MB)
test_model (test_error_sp_hom_sparse.BaseGM_Combo_Hom_Tester) ... ok - (+1.2 MB)
test_model (test_error_sp_hom_sparse.BaseGM_Endog_Error_Hom_Tester) ... ok - (+112.0 kB)
test_model (test_error_sp_hom_sparse.BaseGM_Error_Hom_Tester) ... ok - (+240.0 kB)
test_model (test_error_sp_hom_sparse.GM_Combo_Hom_Tester) ... ok - (+224.0 kB)
test_model (test_error_sp_hom_sparse.GM_Combo_Hom_Tester) ... ok - (+288.0 kB)
test_model (test_error_sp_hom_sparse.GM_Endog_Error_Hom_Tester) ... ok - (+256.0 kB)
test_model (test_error_sp_hom_sparse.GM_Error_Hom_Tester) ... ok - (+224.0 kB)
test_model (test_error_sp_regimes.TestGM_Error_Regimes) ... ok - (+240.0 kB)
test_model_combo (test_error_sp_regimes.TestGM_Error_Regimes) ... ok - (+992.0 kB)
test_model_combo_regi_error (test_error_sp_regimes.TestGM_Error_Regimes) ... ok - (+3.1 MB)
test_model_endog (test_error_sp_regimes.TestGM_Error_Regimes) ... ok - (+656.0 kB)
test_model_endog_regi_error (test_error_sp_regimes.TestGM_Error_Regimes) ... ok - (+2.7 MB)
test_model (test_error_sp_sparse.TestBaseGMCombo) ... ok - (+1.1 MB)
test_model (test_error_sp_sparse.TestBaseGMEndogError) ... ok - (+64.0 kB)
test_model (test_error_sp_sparse.TestBaseGMError) ... ok - (+192.0 kB)
test_model (test_error_sp_sparse.TestGMCombo) ... ok - (+224.0 kB)
test_model (test_error_sp_sparse.TestGMEndogError) ... ok - (+256.0 kB)
test_model (test_error_sp_sparse.TestGMError) ... ok - (+256.0 kB)
test_model (test_ml_error.TestMLError) ... /home/ljw/.local/lib/python2.7/site-packages/scipy/optimize/_minimize.py:593: RuntimeWarning: Method 'bounded' does not support relative tolerance in x; defaulting to absolute tolerance.
  "defaulting to absolute tolerance.", RuntimeWarning)
FAIL
(+340.5 MB)
test_model1 (test_ml_error_regimes.TestMLError) ... ok - (+0.0 bytes)
test_model2 (test_ml_error_regimes.TestMLError) ... ok - (+0.0 bytes)
test_model1 (test_ml_lag.TestMLError) ... ok - (+0.0 bytes)
test_model1 (test_ml_lag_regimes.TestMLError) ... ok - (+0.0 bytes)
test_model2 (test_ml_lag_regimes.TestMLError) ... ok - (+0.0 bytes)
test_OLS (test_ols.TestBaseOLS) ... ok - (+0.0 bytes)
test_ols (test_ols.TestBaseOLS) ... ok - (+0.0 bytes)
test_ols_white1 (test_ols.TestBaseOLS) ... ok - (+0.0 bytes)
test_ols_white2 (test_ols.TestBaseOLS) ... ok - (+0.0 bytes)
test_OLS (test_ols_regimes.TestOLS_regimes) ... ok - (+0.0 bytes)
test_OLS_fixed (test_ols_regimes.TestOLS_regimes) ... ok - (+0.0 bytes)
test_OLS (test_ols_sparse.TestBaseOLS) ... ok - (+0.0 bytes)
test_ols (test_ols_sparse.TestBaseOLS) ... ok - (+0.0 bytes)
test_model (test_probit.TestBaseProbit) ... ok - (+0.0 bytes)
test_model (test_probit.TestProbit) ... ok - (+0.0 bytes)
test_basic (test_twosls.TestBaseTSLS) ... ok - (+0.0 bytes)
test_hac (test_twosls.TestBaseTSLS) ... ok - (+0.0 bytes)
test_n_k (test_twosls.TestBaseTSLS) ... ok - (+0.0 bytes)
test_white (test_twosls.TestBaseTSLS) ... ok - (+0.0 bytes)
test_basic (test_twosls.TestTSLS) ... ok - (+0.0 bytes)
test_hac (test_twosls.TestTSLS) ... ok - (+0.0 bytes)
test_n_k (test_twosls.TestTSLS) ... ok - (+0.0 bytes)
test_names (test_twosls.TestTSLS) ... ok - (+0.0 bytes)
test_spatial (test_twosls.TestTSLS) ... ok - (+0.0 bytes)
test_white (test_twosls.TestTSLS) ... ok - (+0.0 bytes)
test_basic (test_twosls_regimes.TestTSLS) ... ok - (+0.0 bytes)
test_n_k (test_twosls_regimes.TestTSLS) ... ok - (+0.0 bytes)
test_names (test_twosls_regimes.TestTSLS) ... ok - (+0.0 bytes)
test_regi_err (test_twosls_regimes.TestTSLS) ... ok - (+0.0 bytes)
test_spatial (test_twosls_regimes.TestTSLS) ... ok - (+0.0 bytes)
test___init__ (test_twosls_sp.TestBaseGMLag) ... ok - (+0.0 bytes)
test_init_discbd (test_twosls_sp.TestBaseGMLag) ... ok - (+0.0 bytes)
test_init_hac_ (test_twosls_sp.TestBaseGMLag) ... ok - (+0.0 bytes)
test_init_white_ (test_twosls_sp.TestBaseGMLag) ... ok - (+0.0 bytes)
test_lag_q (test_twosls_sp.TestBaseGMLag) ... ok - (+0.0 bytes)
test_n_k (test_twosls_sp.TestBaseGMLag) ... ok - (+0.0 bytes)
test___init__ (test_twosls_sp.TestGMLag) ... ok - (+0.0 bytes)
test_init_discbd (test_twosls_sp.TestGMLag) ... ok - (+0.0 bytes)
test_init_hac_ (test_twosls_sp.TestGMLag) ... ok - (+0.0 bytes)
test_init_white_ (test_twosls_sp.TestGMLag) ... ok - (+0.0 bytes)
test_lag_q (test_twosls_sp.TestGMLag) ... ok - (+0.0 bytes)
test_n_k (test_twosls_sp.TestGMLag) ... ok - (+0.0 bytes)
test_names (test_twosls_sp.TestGMLag) ... ok - (+0.0 bytes)
test_spatial (test_twosls_sp.TestGMLag) ... ok - (+0.0 bytes)
test___init__ (test_twosls_sp_regimes.TestGMLag_Regimes) ... ok - (+0.0 bytes)
test_all_regi (test_twosls_sp_regimes.TestGMLag_Regimes) ... ok - (+0.0 bytes)
test_all_regi_sig2 (test_twosls_sp_regimes.TestGMLag_Regimes) ... ok - (+0.0 bytes)
test_fixed_const (test_twosls_sp_regimes.TestGMLag_Regimes) ... ok - (+0.0 bytes)
test_init_discbd (test_twosls_sp_regimes.TestGMLag_Regimes) ... ok - (+0.0 bytes)
test_lag_q (test_twosls_sp_regimes.TestGMLag_Regimes) ... ok - (+0.0 bytes)
test_names (test_twosls_sp_regimes.TestGMLag_Regimes) ... ok - (+0.0 bytes)
test___init__ (test_twosls_sp_sparse.TestBaseGMLag) ... ok - (+0.0 bytes)
test_init_discbd (test_twosls_sp_sparse.TestBaseGMLag) ... ok - (+0.0 bytes)
test_init_hac_ (test_twosls_sp_sparse.TestBaseGMLag) ... ok - (+0.0 bytes)
test_init_white_ (test_twosls_sp_sparse.TestBaseGMLag) ... ok - (+0.0 bytes)
test_lag_q (test_twosls_sp_sparse.TestBaseGMLag) ... ok - (+0.0 bytes)
test_n_k (test_twosls_sp_sparse.TestBaseGMLag) ... ok - (+0.0 bytes)
test___init__ (test_twosls_sp_sparse.TestGMLag) ... ok - (+0.0 bytes)
test_init_discbd (test_twosls_sp_sparse.TestGMLag) ... ok - (+0.0 bytes)
test_init_hac_ (test_twosls_sp_sparse.TestGMLag) ... ok - (+0.0 bytes)
test_init_white_ (test_twosls_sp_sparse.TestGMLag) ... ok - (+0.0 bytes)
test_lag_q (test_twosls_sp_sparse.TestGMLag) ... ok - (+0.0 bytes)
test_n_k (test_twosls_sp_sparse.TestGMLag) ... ok - (+0.0 bytes)
test_names (test_twosls_sp_sparse.TestGMLag) ... ok - (+0.0 bytes)
test_spatial (test_twosls_sp_sparse.TestGMLag) ... ok - (+0.0 bytes)
test_basic (test_twosls_sparse.TestBaseTSLS) ... ok - (+0.0 bytes)
test_hac (test_twosls_sparse.TestBaseTSLS) ... ok - (+0.0 bytes)
test_n_k (test_twosls_sparse.TestBaseTSLS) ... ok - (+0.0 bytes)
test_white (test_twosls_sparse.TestBaseTSLS) ... ok - (+0.0 bytes)
test_basic (test_twosls_sparse.TestTSLS) ... ok - (+0.0 bytes)
test_hac (test_twosls_sparse.TestTSLS) ... ok - (+0.0 bytes)
test_n_k (test_twosls_sparse.TestTSLS) ... ok - (+0.0 bytes)
test_names (test_twosls_sparse.TestTSLS) ... ok - (+0.0 bytes)
test_spatial (test_twosls_sparse.TestTSLS) ... ok - (+0.0 bytes)
test_white (test_twosls_sparse.TestTSLS) ... ok - (+0.0 bytes)
test_buildContiguity (pysal.weights.tests.test_Contiguity.TestContiguity) ... ok - (+0.0 bytes)
see issue #126 ... ok - (+0.0 bytes)
test_DistanceBand_arc (pysal.weights.tests.test_Distance.TestDistanceWeights) ... FAIL
(+0.0 bytes)
ok - (+0.0 bytes)
see issue #126 ... ok - (+0.0 bytes)
test_Kernel (pysal.weights.tests.test_Distance.TestDistanceWeights) ... ok - (+0.0 bytes)
test_knnW (pysal.weights.tests.test_Distance.TestDistanceWeights) ... ok - (+0.0 bytes)
test_knnW_arc (pysal.weights.tests.test_Distance.TestDistanceWeights) ... ok - (+0.0 bytes)
test_threshold (pysal.weights.tests.test_Distance.TestDistanceWeights) ... ok - (+0.0 bytes)
Unit test ... ok - (+0.0 bytes)
Unit test ... ok - (+0.0 bytes)
Unit test ... ok - (+0.0 bytes)
Unit test ... ok - (+0.0 bytes)
Unit test ... ok - (+0.0 bytes)
test_ContiguityWeights_binning (pysal.weights.tests.test__contW_binning.TestContiguityWeights) ... ok - (+0.0 bytes)
test_QUEEN (pysal.weights.tests.test__contW_binning.TestContiguityWeights) ... ok - (+0.0 bytes)
test_ROOK (pysal.weights.tests.test__contW_binning.TestContiguityWeights) ... ok - (+0.0 bytes)
test_nested_polygons (pysal.weights.tests.test__contW_binning.TestContiguityWeights) ... ok - (+0.0 bytes)
test_true_rook (pysal.weights.tests.test__contW_binning.TestContiguityWeights) ... ok - (+0.0 bytes)
test_true_rook2 (pysal.weights.tests.test__contW_binning.TestContiguityWeights) ... ok - (+0.0 bytes)
test_true_rook3 (pysal.weights.tests.test__contW_binning.TestContiguityWeights) ... ok - (+0.0 bytes)
test_true_rook4 (pysal.weights.tests.test__contW_binning.TestContiguityWeights) ... ok - (+0.0 bytes)
test_w_type (pysal.weights.tests.test__contW_binning.TestContiguityWeights) ... ok - (+0.0 bytes)
test_ContiguityWeights_rtree (pysal.weights.tests.test__contW_rtree.TestRtreeContiguityWeights) ... ok - (+0.0 bytes)
test_QUEEN (pysal.weights.tests.test__contW_rtree.TestRtreeContiguityWeights) ... ok - (+0.0 bytes)
test_ROOK (pysal.weights.tests.test__contW_rtree.TestRtreeContiguityWeights) ... ok - (+0.0 bytes)
test_nested_polygons (pysal.weights.tests.test__contW_rtree.TestRtreeContiguityWeights) ... ok - (+0.0 bytes)
test_true_rook (pysal.weights.tests.test__contW_rtree.TestRtreeContiguityWeights) ... ok - (+0.0 bytes)
test_true_rook2 (pysal.weights.tests.test__contW_rtree.TestRtreeContiguityWeights) ... ok - (+0.0 bytes)
test_true_rook3 (pysal.weights.tests.test__contW_rtree.TestRtreeContiguityWeights) ... ok - (+0.0 bytes)
test_true_rook4 (pysal.weights.tests.test__contW_rtree.TestRtreeContiguityWeights) ... ok - (+0.0 bytes)
test_w_type (pysal.weights.tests.test__contW_rtree.TestRtreeContiguityWeights) ... ok - (+0.0 bytes)
test_lag_spatial (pysal.weights.tests.test_spatial_lag.Testlag_spatial) ... ok - (+0.0 bytes)
test_adaptive_kernelW (pysal.weights.tests.test_user.Testuser) ... ok - (+0.0 bytes)
test_adaptive_kernelW_from_shapefile (pysal.weights.tests.test_user.Testuser) ... ok - (+0.0 bytes)
test_build_lattice_shapefile (pysal.weights.tests.test_user.Testuser) ... ok - (+0.0 bytes)
test_kernelW (pysal.weights.tests.test_user.Testuser) ... ok - (+0.0 bytes)
test_kernelW_from_shapefile (pysal.weights.tests.test_user.Testuser) ... ok - (+0.0 bytes)
test_knnW_from_array (pysal.weights.tests.test_user.Testuser) ... ok - (+0.0 bytes)
test_knnW_from_shapefile (pysal.weights.tests.test_user.Testuser) ... ok - (+0.0 bytes)
test_min_threshold_dist_from_shapefile (pysal.weights.tests.test_user.Testuser) ... ok - (+0.0 bytes)
test_queen_from_shapefile (pysal.weights.tests.test_user.Testuser) ... ok - (+0.0 bytes)
test_rook_from_shapefile (pysal.weights.tests.test_user.Testuser) ... ok - (+0.0 bytes)
test_threshold_binaryW_from_array (pysal.weights.tests.test_user.Testuser) ... ok - (+0.0 bytes)
test_threshold_binaryW_from_shapefile (pysal.weights.tests.test_user.Testuser) ... ok - (+0.0 bytes)
test_threshold_continuousW_from_array (pysal.weights.tests.test_user.Testuser) ... ok - (+0.0 bytes)
test_threshold_continuousW_from_shapefile (pysal.weights.tests.test_user.Testuser) ... ok - (+0.0 bytes)
test_WSP2W (pysal.weights.tests.test_util.Testutil) ... ok - (+0.0 bytes)
test_block_weights (pysal.weights.tests.test_util.Testutil) ... ok - (+0.0 bytes)
test_comb (pysal.weights.tests.test_util.Testutil) ... ok - (+0.0 bytes)
test_full (pysal.weights.tests.test_util.Testutil) ... ok - (+0.0 bytes)
test_full2W (pysal.weights.tests.test_util.Testutil) ... ok - (+0.0 bytes)
test_get_ids (pysal.weights.tests.test_util.Testutil) ... ok - (+0.0 bytes)
test_get_points_array_from_shapefile (pysal.weights.tests.test_util.Testutil) ... ok - (+0.0 bytes)
test_higher_order (pysal.weights.tests.test_util.Testutil) ... ok - (+0.0 bytes)
test_insert_diagonal (pysal.weights.tests.test_util.Testutil) ... ok - (+0.0 bytes)
test_lat2SW (pysal.weights.tests.test_util.Testutil) ... ok - (+0.0 bytes)
test_lat2W (pysal.weights.tests.test_util.Testutil) ... ok - (+0.0 bytes)
test_min_threshold_distance (pysal.weights.tests.test_util.Testutil) ... ok - (+0.0 bytes)
test_order (pysal.weights.tests.test_util.Testutil) ... ok - (+0.0 bytes)
test_remap_ids (pysal.weights.tests.test_util.Testutil) ... ok - (+0.0 bytes)
test_shimbel (pysal.weights.tests.test_util.Testutil) ... ok - (+0.0 bytes)
test_W (pysal.weights.tests.test_weights.TestW) ... ok - (+0.0 bytes)
test___getitem__ (pysal.weights.tests.test_weights.TestW) ... ok - (+0.0 bytes)
test___init__ (pysal.weights.tests.test_weights.TestW) ... ok - (+0.0 bytes)
test___iter__ (pysal.weights.tests.test_weights.TestW) ... ok - (+0.0 bytes)
test_asymmetries (pysal.weights.tests.test_weights.TestW) ... ok - (+0.0 bytes)
test_asymmetry (pysal.weights.tests.test_weights.TestW) ... ok - (+0.0 bytes)
test_cardinalities (pysal.weights.tests.test_weights.TestW) ... ok - (+0.0 bytes)
test_diagW2 (pysal.weights.tests.test_weights.TestW) ... ok - (+0.0 bytes)
test_diagWtW (pysal.weights.tests.test_weights.TestW) ... ok - (+0.0 bytes)
test_diagWtW_WW (pysal.weights.tests.test_weights.TestW) ... ok - (+0.0 bytes)
test_full (pysal.weights.tests.test_weights.TestW) ... ok - (+0.0 bytes)
test_get_transform (pysal.weights.tests.test_weights.TestW) ... ok - (+0.0 bytes)
test_higher_order (pysal.weights.tests.test_weights.TestW) ... ok - (+0.0 bytes)
test_histogram (pysal.weights.tests.test_weights.TestW) ... ok - (+0.0 bytes)
test_id2i (pysal.weights.tests.test_weights.TestW) ... ok - (+0.0 bytes)
test_id_order_set (pysal.weights.tests.test_weights.TestW) ... ok - (+0.0 bytes)
test_islands (pysal.weights.tests.test_weights.TestW) ... ok - (+0.0 bytes)
test_max_neighbors (pysal.weights.tests.test_weights.TestW) ... ok - (+0.0 bytes)
test_mean_neighbors (pysal.weights.tests.test_weights.TestW) ... ok - (+0.0 bytes)
test_min_neighbors (pysal.weights.tests.test_weights.TestW) ... ok - (+0.0 bytes)
test_n (pysal.weights.tests.test_weights.TestW) ... ok - (+0.0 bytes)
test_neighbor_offsets (pysal.weights.tests.test_weights.TestW) ... ok - (+0.0 bytes)
test_nonzero (pysal.weights.tests.test_weights.TestW) ... ok - (+0.0 bytes)
test_order (pysal.weights.tests.test_weights.TestW) ... ok - (+0.0 bytes)
test_pct_nonzero (pysal.weights.tests.test_weights.TestW) ... ok - (+0.0 bytes)
test_s0 (pysal.weights.tests.test_weights.TestW) ... ok - (+0.0 bytes)
test_s1 (pysal.weights.tests.test_weights.TestW) ... ok - (+0.0 bytes)
test_s2 (pysal.weights.tests.test_weights.TestW) ... ok - (+0.0 bytes)
test_s2array (pysal.weights.tests.test_weights.TestW) ... ok - (+0.0 bytes)
test_sd (pysal.weights.tests.test_weights.TestW) ... ok - (+0.0 bytes)
test_set_transform (pysal.weights.tests.test_weights.TestW) ... ok - (+0.0 bytes)
test_shimbel (pysal.weights.tests.test_weights.TestW) ... ok - (+0.0 bytes)
test_sparse (pysal.weights.tests.test_weights.TestW) ... ok - (+0.0 bytes)
test_trcW2 (pysal.weights.tests.test_weights.TestW) ... ok - (+0.0 bytes)
test_trcWtW (pysal.weights.tests.test_weights.TestW) ... ok - (+0.0 bytes)
test_trcWtW_WW (pysal.weights.tests.test_weights.TestW) ... ok - (+0.0 bytes)
test_WSP (pysal.weights.tests.test_weights.TestWSP) ... ok - (+0.0 bytes)
test_diagWtW_WW (pysal.weights.tests.test_weights.TestWSP) ... ok - (+0.0 bytes)
test_s0 (pysal.weights.tests.test_weights.TestWSP) ... ok - (+0.0 bytes)
test_trcWtW_WW (pysal.weights.tests.test_weights.TestWSP) ... ok - (+0.0 bytes)
test_W (pysal.weights.tests.test_weights.Test_WSP_Back_To_W) ... ok - (+0.0 bytes)
test___getitem__ (pysal.weights.tests.test_weights.Test_WSP_Back_To_W) ... ok - (+0.0 bytes)
test___init__ (pysal.weights.tests.test_weights.Test_WSP_Back_To_W) ... ok - (+0.0 bytes)
test___iter__ (pysal.weights.tests.test_weights.Test_WSP_Back_To_W) ... ok - (+0.0 bytes)
test_asymmetries (pysal.weights.tests.test_weights.Test_WSP_Back_To_W) ... ok - (+0.0 bytes)
test_asymmetry (pysal.weights.tests.test_weights.Test_WSP_Back_To_W) ... ok - (+0.0 bytes)
test_cardinalities (pysal.weights.tests.test_weights.Test_WSP_Back_To_W) ... ok - (+0.0 bytes)
test_diagW2 (pysal.weights.tests.test_weights.Test_WSP_Back_To_W) ... ok - (+0.0 bytes)
test_diagWtW (pysal.weights.tests.test_weights.Test_WSP_Back_To_W) ... ok - (+0.0 bytes)
test_diagWtW_WW (pysal.weights.tests.test_weights.Test_WSP_Back_To_W) ... ok - (+0.0 bytes)
test_full (pysal.weights.tests.test_weights.Test_WSP_Back_To_W) ... ok - (+0.0 bytes)
test_get_transform (pysal.weights.tests.test_weights.Test_WSP_Back_To_W) ... ok - (+0.0 bytes)
test_higher_order (pysal.weights.tests.test_weights.Test_WSP_Back_To_W) ... ok - (+0.0 bytes)
test_histogram (pysal.weights.tests.test_weights.Test_WSP_Back_To_W) ... ok - (+0.0 bytes)
test_id2i (pysal.weights.tests.test_weights.Test_WSP_Back_To_W) ... ok - (+0.0 bytes)
test_id_order_set (pysal.weights.tests.test_weights.Test_WSP_Back_To_W) ... ok - (+0.0 bytes)
test_islands (pysal.weights.tests.test_weights.Test_WSP_Back_To_W) ... ok - (+0.0 bytes)
test_max_neighbors (pysal.weights.tests.test_weights.Test_WSP_Back_To_W) ... ok - (+0.0 bytes)
test_mean_neighbors (pysal.weights.tests.test_weights.Test_WSP_Back_To_W) ... ok - (+0.0 bytes)
test_min_neighbors (pysal.weights.tests.test_weights.Test_WSP_Back_To_W) ... ok - (+0.0 bytes)
test_n (pysal.weights.tests.test_weights.Test_WSP_Back_To_W) ... ok - (+0.0 bytes)
test_nonzero (pysal.weights.tests.test_weights.Test_WSP_Back_To_W) ... ok - (+0.0 bytes)
test_order (pysal.weights.tests.test_weights.Test_WSP_Back_To_W) ... ok - (+0.0 bytes)
test_pct_nonzero (pysal.weights.tests.test_weights.Test_WSP_Back_To_W) ... ok - (+0.0 bytes)
test_s0 (pysal.weights.tests.test_weights.Test_WSP_Back_To_W) ... ok - (+0.0 bytes)
test_s1 (pysal.weights.tests.test_weights.Test_WSP_Back_To_W) ... ok - (+0.0 bytes)
test_s2 (pysal.weights.tests.test_weights.Test_WSP_Back_To_W) ... ok - (+0.0 bytes)
test_s2array (pysal.weights.tests.test_weights.Test_WSP_Back_To_W) ... ok - (+0.0 bytes)
test_sd (pysal.weights.tests.test_weights.Test_WSP_Back_To_W) ... ok - (+0.0 bytes)
test_set_transform (pysal.weights.tests.test_weights.Test_WSP_Back_To_W) ... ok - (+0.0 bytes)
test_shimbel (pysal.weights.tests.test_weights.Test_WSP_Back_To_W) ... ok - (+0.0 bytes)
test_sparse (pysal.weights.tests.test_weights.Test_WSP_Back_To_W) ... ok - (+0.0 bytes)
test_trcW2 (pysal.weights.tests.test_weights.Test_WSP_Back_To_W) ... ok - (+0.0 bytes)
test_trcWtW (pysal.weights.tests.test_weights.Test_WSP_Back_To_W) ... ok - (+0.0 bytes)
test_trcWtW_WW (pysal.weights.tests.test_weights.Test_WSP_Back_To_W) ... ok - (+0.0 bytes)
test_contents (pysal.test_NameSpace.TestNameSpace) ... ok - (+0.0 bytes)

======================================================================
FAIL: test_read (pysal.core.IOHandlers.tests.test_pyShpIO.test_PurePyShpWrapper)
----------------------------------------------------------------------
Exception: Memory usage too high:
    Start:      302.7 MB
    End:        334.5 MB
---------------------------
    Increase:   +31.8 MB

======================================================================
FAIL: test_Jenks_Caspall_Sampled (pysal.esda.tests.test_mapclassify.TestJenksCaspallSampled)
----------------------------------------------------------------------
Exception: Memory usage too high:
    Start:      334.5 MB
    End:        385.7 MB
---------------------------
    Increase:   +51.2 MB

======================================================================
FAIL: test_model (test_ml_error.TestMLError)
----------------------------------------------------------------------
Exception: Memory usage too high:
    Start:      424.0 MB
    End:        764.4 MB
---------------------------
    Increase:   +340.5 MB

======================================================================
FAIL: test_DistanceBand_arc (pysal.weights.tests.test_Distance.TestDistanceWeights)
----------------------------------------------------------------------
Traceback (most recent call last):
  File "/home/ljw/dev/pysal/pysal/weights/tests/test_Distance.py", line 132, in test_DistanceBand_arc
    self.assertTrue((w.sparse.todense() == full).all())
AssertionError: False is not true

----------------------------------------------------------------------
Ran 686 tests in 112.906s

OK (failures=4)
